#
# A fatal error has been detected by the Java Runtime Environment:
#
#  EXCEPTION_ACCESS_VIOLATION (0xc0000005) at pc=0x00007ff819931530, pid=3624, tid=9420
#
# JRE version: OpenJDK Runtime Environment Temurin-17.0.8.1+1 (17.0.8.1+1) (build 17.0.8.1+1)
# Java VM: OpenJDK 64-Bit Server VM Temurin-17.0.8.1+1 (17.0.8.1+1, mixed mode, tiered, compressed oops, compressed class ptrs, parallel gc, windows-amd64)
# Problematic frame:
# V  [jvm.dll+0x331530]
#
# No core dump will be written. Minidumps are not enabled by default on client versions of Windows
#
# If you would like to submit a bug report, please visit:
#   https://github.com/adoptium/adoptium-support/issues
#

---------------  S U M M A R Y ------------

Command Line: --add-modules=ALL-SYSTEM --add-opens=java.base/java.util=ALL-UNNAMED --add-opens=java.base/java.lang=ALL-UNNAMED --add-opens=java.base/sun.nio.fs=ALL-UNNAMED -Declipse.application=org.eclipse.jdt.ls.core.id1 -Dosgi.bundles.defaultStartLevel=4 -Declipse.product=org.eclipse.jdt.ls.core.product -Djava.import.generatesMetadataFilesAtProjectRoot=false -Dfile.encoding=utf8 -XX:+UseParallelGC -XX:GCTimeRatio=4 -XX:AdaptiveSizePolicyWeight=90 -Dsun.zip.disableMemoryMapping=true -Xmx1G -Xms100m -Xlog:disable -javaagent:c:\Users\Acer\.vscode\extensions\redhat.java-1.22.1-win32-x64\lombok\lombok-1.18.28.jar -XX:+HeapDumpOnOutOfMemoryError -XX:HeapDumpPath=c:\Users\Acer\AppData\Roaming\Code\User\workspaceStorage\39a64812d21dc932a801c2626cddaff2\redhat.java -Daether.dependencyCollector.impl=bf c:\Users\Acer\.vscode\extensions\redhat.java-1.22.1-win32-x64\server\plugins\org.eclipse.equinox.launcher_1.6.500.v20230717-2134.jar -configuration c:\Users\Acer\AppData\Roaming\Code\User\globalStorage\redhat.java\1.22.1\config_win -data c:\Users\Acer\AppData\Roaming\Code\User\workspaceStorage\39a64812d21dc932a801c2626cddaff2\redhat.java\jdt_ws

Host: Intel(R) Core(TM) i3-7100U CPU @ 2.40GHz, 4 cores, 11G,  Windows 10 , 64 bit Build 19041 (10.0.19041.3393)
Time: Fri Sep 22 06:59:40 2023 Nepal Standard Time elapsed time: 1004.249338 seconds (0d 0h 16m 44s)

---------------  T H R E A D  ---------------

Current thread (0x000001c951cdc080):  JavaThread "C2 CompilerThread1" daemon [_thread_in_native, id=9420, stack(0x0000000d77c00000,0x0000000d77d00000)]


Current CompileTask:
C2:1004249 23166       4       org.eclipse.jdt.internal.compiler.lookup.BinaryTypeBinding::getExactMethod (269 bytes)

Stack: [0x0000000d77c00000,0x0000000d77d00000],  sp=0x0000000d77cfb600,  free space=1005k
Native frames: (J=compiled Java code, j=interpreted, Vv=VM code, C=native code)
V  [jvm.dll+0x331530]
V  [jvm.dll+0x332646]
V  [jvm.dll+0x32ff9a]
V  [jvm.dll+0x32f64a]
V  [jvm.dll+0x219bf1]
V  [jvm.dll+0x219011]
V  [jvm.dll+0x1a534d]
V  [jvm.dll+0x228d8a]
V  [jvm.dll+0x226dcc]
V  [jvm.dll+0x7ec09b]
V  [jvm.dll+0x7e64ca]
V  [jvm.dll+0x677955]
C  [ucrtbase.dll+0x21bb2]
C  [KERNEL32.DLL+0x17344]
C  [ntdll.dll+0x526b1]


siginfo: EXCEPTION_ACCESS_VIOLATION (0xc0000005), reading address 0x0000000000000068


Register to memory mapping:

RIP=0x00007ff819931530 jvm.dll
RAX=0x0 is NULL
RBX=0x000001c96192f360 points into unknown readable memory: 0x00007ff819eb2828 | 28 28 eb 19 f8 7f 00 00
RCX=0x000001c9617e3180 points into unknown readable memory: 0x000001c9506a3f60 | 60 3f 6a 50 c9 01 00 00
RDX=0x0000000000020000 is an unknown value
RSP=0x0000000d77cfb600 is pointing into the stack for thread: 0x000001c951cdc080
RBP=0x0000000000000199 is an unknown value
RSI=0x0 is NULL
RDI=0x0 is NULL
R8 =0x000001c96192f2c2 points into unknown readable memory: ec 19 f8 7f 00 00
R9 =0x0 is NULL
R10=0x000001c9614b14c0 points into unknown readable memory: 0x000001c952e6ac60 | 60 ac e6 52 c9 01 00 00
R11=0x000001c9614b14e0 points into unknown readable memory: 0x000001c961cdf170 | 70 f1 cd 61 c9 01 00 00
R12=0x000001c96192f200 points into unknown readable memory: 0x000001c94e610128 | 28 01 61 4e c9 01 00 00
R13=0x000001c961cdf280 points into unknown readable memory: 0x00007ff819ee1ad0 | d0 1a ee 19 f8 7f 00 00
R14=0x000001c96192f2c0 points into unknown readable memory: 0x00007ff819ec4ea0 | a0 4e ec 19 f8 7f 00 00
R15=0x0000000d77cfb660 is pointing into the stack for thread: 0x000001c951cdc080


Registers:
RAX=0x0000000000000000, RBX=0x000001c96192f360, RCX=0x000001c9617e3180, RDX=0x0000000000020000
RSP=0x0000000d77cfb600, RBP=0x0000000000000199, RSI=0x0000000000000000, RDI=0x0000000000000000
R8 =0x000001c96192f2c2, R9 =0x0000000000000000, R10=0x000001c9614b14c0, R11=0x000001c9614b14e0
R12=0x000001c96192f200, R13=0x000001c961cdf280, R14=0x000001c96192f2c0, R15=0x0000000d77cfb660
RIP=0x00007ff819931530, EFLAGS=0x0000000000010246

Top of Stack: (sp=0x0000000d77cfb600)
0x0000000d77cfb600:   000001c96192ed88 000001c96192ed88
0x0000000d77cfb610:   0000000d77cfbb80 000001c961cdf280
0x0000000d77cfb620:   000001c961cdf280 000001c9617e3180
0x0000000d77cfb630:   0000000d77cfbb80 00007ff819932646
0x0000000d77cfb640:   000001c952e6acd0 000001c961cdf328
0x0000000d77cfb650:   000001c952e6b980 000001c961cdf301
0x0000000d77cfb660:   0000000d77cfb748 0000000d77cfb728
0x0000000d77cfb670:   0000000d77cfbb80 000001c953209010
0x0000000d77cfb680:   000001c953209010 0000000000000000
0x0000000d77cfb690:   0000000d77cfbb80 0000000000000ca9
0x0000000d77cfb6a0:   0000000d77cfb7b0 00007ff81992ff9a
0x0000000d77cfb6b0:   000001c95302cf50 000001c953030cc8
0x0000000d77cfb6c0:   000001c962b34080 0000000000000000
0x0000000d77cfb6d0:   0000000000000001 0000000000000000
0x0000000d77cfb6e0:   00000000a50002a7 000000000000005d
0x0000000d77cfb6f0:   000001c932f10000 000000000f08fef9 

Instructions: (pc=0x00007ff819931530)
0x00007ff819931430:   c0 75 09 33 c0 48 83 c4 30 41 5f c3 48 89 5c 24
0x00007ff819931440:   40 49 8d 40 f0 48 89 6c 24 48 48 89 74 24 50 48
0x00007ff819931450:   89 7c 24 58 4c 89 64 24 28 4d 8b 20 4c 89 74 24
0x00007ff819931460:   20 4d 8b f4 49 83 e6 fe 41 80 e4 01 41 8b 7e 20
0x00007ff819931470:   41 39 78 08 41 0f 42 78 08 48 89 02 0f 1f 40 00
0x00007ff819931480:   41 8b 76 28 8b de 49 8b 2f c1 eb 05 3b 5d 00 72
0x00007ff819931490:   0a 8b d3 48 8b cd e8 d5 e3 4e 00 48 8b 45 08 83
0x00007ff8199314a0:   e6 1f 48 8d 14 98 8b 04 98 0f ab f0 89 02 41 8b
0x00007ff8199314b0:   46 2c 24 0f 3c 08 75 09 49 8b 46 08 48 8b 08 eb
0x00007ff8199314c0:   03 49 8b ce 49 8b 47 10 33 f6 8b 51 28 48 8b 48
0x00007ff8199314d0:   78 48 8b 04 d1 8b 68 68 85 ff 0f 84 b2 00 00 00
0x00007ff8199314e0:   49 8b 5e 10 ff cf 4d 8b 07 48 8b 1c fb 8b 4b 28
0x00007ff8199314f0:   8b c1 c1 e8 05 41 3b 00 73 11 8b d0 83 e1 1f 49
0x00007ff819931500:   8b 40 08 8b 04 90 0f a3 c8 72 47 8b 43 2c 24 0f
0x00007ff819931510:   3c 08 75 09 48 8b 43 08 4c 8b 00 eb 03 4c 8b c3
0x00007ff819931520:   49 8b 47 10 41 8b 50 28 48 8b 48 78 48 8b 04 d1
0x00007ff819931530:   39 68 68 72 1d 75 0b 41 8b 40 2c 83 e0 0f 3c 0c
0x00007ff819931540:   74 10 48 8b cb 48 8b f3 e8 53 5b 32 00 41 3a c4
0x00007ff819931550:   74 04 85 ff 75 8a 48 85 f6 74 37 49 8b 5f 08 48
0x00007ff819931560:   83 03 10 48 8b 0b 48 3b 4b 08 72 0b 48 8b cb e8
0x00007ff819931570:   7c 4b 32 00 48 8b 0b 41 0f b6 c4 49 0b c6 89 79
0x00007ff819931580:   08 48 89 01 4c 8b f6 8b 7e 20 45 32 e4 e9 ee fe
0x00007ff819931590:   ff ff 45 84 e4 75 0c 41 8b 7e 20 41 b4 01 e9 dd
0x00007ff8199315a0:   fe ff ff 4c 8b 64 24 28 49 8b c6 4c 8b 74 24 20
0x00007ff8199315b0:   48 8b 7c 24 58 48 8b 74 24 50 48 8b 6c 24 48 48
0x00007ff8199315c0:   8b 5c 24 40 48 83 c4 30 41 5f c3 cc cc cc cc cc
0x00007ff8199315d0:   48 89 5c 24 08 48 89 74 24 10 57 48 83 ec 20 8b
0x00007ff8199315e0:   59 28 48 8b f9 ff cb 3b 59 18 73 0a 48 8b 41 20
0x00007ff8199315f0:   48 8b 34 d8 eb 02 33 f6 48 8b 06 48 8b ce ff 50
0x00007ff819931600:   20 48 3b c6 74 03 2b 5f 48 3b 5f 18 73 0a 48 8b
0x00007ff819931610:   47 20 48 8b 34 d8 eb 02 33 f6 48 8b 06 48 8b ce
0x00007ff819931620:   ff 10 44 8b c0 8b 46 2c 8b d0 80 e2 03 80 fa 02 


Stack slot to memory mapping:
stack at sp + 0 slots: 0x000001c96192ed88 points into unknown readable memory: 0x00007ff819edbed0 | d0 be ed 19 f8 7f 00 00
stack at sp + 1 slots: 0x000001c96192ed88 points into unknown readable memory: 0x00007ff819edbed0 | d0 be ed 19 f8 7f 00 00
stack at sp + 2 slots: 0x0000000d77cfbb80 is pointing into the stack for thread: 0x000001c951cdc080
stack at sp + 3 slots: 0x000001c961cdf280 points into unknown readable memory: 0x00007ff819ee1ad0 | d0 1a ee 19 f8 7f 00 00
stack at sp + 4 slots: 0x000001c961cdf280 points into unknown readable memory: 0x00007ff819ee1ad0 | d0 1a ee 19 f8 7f 00 00
stack at sp + 5 slots: 0x000001c9617e3180 points into unknown readable memory: 0x000001c9506a3f60 | 60 3f 6a 50 c9 01 00 00
stack at sp + 6 slots: 0x0000000d77cfbb80 is pointing into the stack for thread: 0x000001c951cdc080
stack at sp + 7 slots: 0x00007ff819932646 jvm.dll


---------------  P R O C E S S  ---------------

Threads class SMR info:
_java_thread_list=0x000001c9516280b0, length=38, elements={
0x000001c93503ad00, 0x000001c9350fb600, 0x000001c9350fc480, 0x000001c948e81270,
0x000001c948e820f0, 0x000001c948e84e80, 0x000001c948e86850, 0x000001c948e87540,
0x000001c948ebe890, 0x000001c94e00ee20, 0x000001c93509c890, 0x000001c94e2d7370,
0x000001c94e981260, 0x000001c94e417e00, 0x000001c94e418890, 0x000001c94ed27b00,
0x000001c94ef953b0, 0x000001c94ef967f0, 0x000001c94ef93040, 0x000001c94ef958c0,
0x000001c94ef95dd0, 0x000001c94ef962e0, 0x000001c95040c040, 0x000001c95040b110,
0x000001c95040d480, 0x000001c95040ac00, 0x000001c95040c550, 0x000001c95040ca60,
0x000001c9523e9960, 0x000001c9523ec1e0, 0x000001c9523eada0, 0x000001c9523eea60,
0x000001c9523ec6f0, 0x000001c9523f08c0, 0x000001c9523ecc00, 0x000001c9523eb7c0,
0x000001c9523efea0, 0x000001c951cdc080
}

Java Threads: ( => current thread )
  0x000001c93503ad00 JavaThread "main" [_thread_blocked, id=2468, stack(0x0000000d75e00000,0x0000000d75f00000)]
  0x000001c9350fb600 JavaThread "Reference Handler" daemon [_thread_blocked, id=13532, stack(0x0000000d76100000,0x0000000d76200000)]
  0x000001c9350fc480 JavaThread "Finalizer" daemon [_thread_blocked, id=9852, stack(0x0000000d76200000,0x0000000d76300000)]
  0x000001c948e81270 JavaThread "Signal Dispatcher" daemon [_thread_blocked, id=11096, stack(0x0000000d76300000,0x0000000d76400000)]
  0x000001c948e820f0 JavaThread "Attach Listener" daemon [_thread_blocked, id=20780, stack(0x0000000d76400000,0x0000000d76500000)]
  0x000001c948e84e80 JavaThread "Service Thread" daemon [_thread_blocked, id=14920, stack(0x0000000d76500000,0x0000000d76600000)]
  0x000001c948e86850 JavaThread "Monitor Deflation Thread" daemon [_thread_blocked, id=18540, stack(0x0000000d76600000,0x0000000d76700000)]
  0x000001c948e87540 JavaThread "C2 CompilerThread0" daemon [_thread_blocked, id=8244, stack(0x0000000d76700000,0x0000000d76800000)]
  0x000001c948ebe890 JavaThread "C1 CompilerThread0" daemon [_thread_blocked, id=14352, stack(0x0000000d76800000,0x0000000d76900000)]
  0x000001c94e00ee20 JavaThread "Sweeper thread" daemon [_thread_blocked, id=11340, stack(0x0000000d76900000,0x0000000d76a00000)]
  0x000001c93509c890 JavaThread "Common-Cleaner" daemon [_thread_blocked, id=19800, stack(0x0000000d76a00000,0x0000000d76b00000)]
  0x000001c94e2d7370 JavaThread "Notification Thread" daemon [_thread_blocked, id=13380, stack(0x0000000d76b00000,0x0000000d76c00000)]
  0x000001c94e981260 JavaThread "Active Thread: Equinox Container: f04f1487-4bc4-4264-9460-5e04b2ebee8a" [_thread_blocked, id=15764, stack(0x0000000d77100000,0x0000000d77200000)]
  0x000001c94e417e00 JavaThread "Framework Event Dispatcher: Equinox Container: f04f1487-4bc4-4264-9460-5e04b2ebee8a" daemon [_thread_blocked, id=10084, stack(0x0000000d77000000,0x0000000d77100000)]
  0x000001c94e418890 JavaThread "Start Level: Equinox Container: f04f1487-4bc4-4264-9460-5e04b2ebee8a" daemon [_thread_blocked, id=19584, stack(0x0000000d77200000,0x0000000d77300000)]
  0x000001c94ed27b00 JavaThread "Bundle File Closer" daemon [_thread_blocked, id=14812, stack(0x0000000d77400000,0x0000000d77500000)]
  0x000001c94ef953b0 JavaThread "SCR Component Actor" daemon [_thread_blocked, id=7768, stack(0x0000000d77300000,0x0000000d77400000)]
  0x000001c94ef967f0 JavaThread "Worker-JM" [_thread_blocked, id=15208, stack(0x0000000d77600000,0x0000000d77700000)]
  0x000001c94ef93040 JavaThread "Worker-1" [_thread_blocked, id=2592, stack(0x0000000d77800000,0x0000000d77900000)]
  0x000001c94ef958c0 JavaThread "Java indexing" daemon [_thread_in_native, id=20992, stack(0x0000000d77b00000,0x0000000d77c00000)]
  0x000001c94ef95dd0 JavaThread "JNA Cleaner" daemon [_thread_blocked, id=17472, stack(0x0000000d77d00000,0x0000000d77e00000)]
  0x000001c94ef962e0 JavaThread "pool-2-thread-1" [_thread_blocked, id=18984, stack(0x0000000d77e00000,0x0000000d77f00000)]
  0x000001c95040c040 JavaThread "WorkspaceEventsHandler" [_thread_blocked, id=18892, stack(0x0000000d77f00000,0x0000000d78000000)]
  0x000001c95040b110 JavaThread "pool-1-thread-1" [_thread_in_native, id=6320, stack(0x0000000d78000000,0x0000000d78100000)]
  0x000001c95040d480 JavaThread "Worker-4" [_thread_blocked, id=20116, stack(0x0000000d78500000,0x0000000d78600000)]
  0x000001c95040ac00 JavaThread "Java Debug Server" daemon [_thread_in_native, id=12964, stack(0x0000000d77a00000,0x0000000d77b00000)]
  0x000001c95040c550 JavaThread "RxSchedulerPurge-1" daemon [_thread_blocked, id=5716, stack(0x0000000d78600000,0x0000000d78700000)]
  0x000001c95040ca60 JavaThread "RxCachedWorkerPoolEvictor-1" daemon [_thread_blocked, id=8876, stack(0x0000000d78700000,0x0000000d78800000)]
  0x000001c9523e9960 JavaThread "ForkJoinPool.commonPool-worker-5" daemon [_thread_blocked, id=15064, stack(0x0000000d75c00000,0x0000000d75d00000)]
  0x000001c9523ec1e0 JavaThread "ForkJoinPool.commonPool-worker-6" daemon [_thread_blocked, id=7800, stack(0x0000000d77500000,0x0000000d77600000)]
  0x000001c9523eada0 JavaThread "ForkJoinPool.commonPool-worker-7" daemon [_thread_blocked, id=18040, stack(0x0000000d77700000,0x0000000d77800000)]
  0x000001c9523eea60 JavaThread "ForkJoinPool.commonPool-worker-8" daemon [_thread_blocked, id=15464, stack(0x0000000d77900000,0x0000000d77a00000)]
  0x000001c9523ec6f0 JavaThread "Worker-5" [_thread_blocked, id=14864, stack(0x0000000d78100000,0x0000000d78200000)]
  0x000001c9523f08c0 JavaThread "Worker-6" [_thread_blocked, id=10000, stack(0x0000000d75d00000,0x0000000d75e00000)]
  0x000001c9523ecc00 JavaThread "Worker-7" [_thread_blocked, id=17456, stack(0x0000000d78300000,0x0000000d78400000)]
  0x000001c9523eb7c0 JavaThread "ForkJoinPool.commonPool-worker-9" daemon [_thread_blocked, id=9744, stack(0x0000000d78400000,0x0000000d78500000)]
  0x000001c9523efea0 JavaThread "pool-1-thread-4" [_thread_blocked, id=336, stack(0x0000000d78200000,0x0000000d78300000)]
=>0x000001c951cdc080 JavaThread "C2 CompilerThread1" daemon [_thread_in_native, id=9420, stack(0x0000000d77c00000,0x0000000d77d00000)]

Other Threads:
  0x000001c948e4c7d0 VMThread "VM Thread" [stack: 0x0000000d76000000,0x0000000d76100000] [id=10208]
  0x000001c94e2d7850 WatcherThread [stack: 0x0000000d76c00000,0x0000000d76d00000] [id=11204]
  0x000001c9350511a0 GCTaskThread "GC Thread#0" [stack: 0x0000000d75f00000,0x0000000d76000000] [id=9464]
  0x000001c94ea21ec0 GCTaskThread "GC Thread#1" [stack: 0x0000000d76d00000,0x0000000d76e00000] [id=5652]
  0x000001c94ea22180 GCTaskThread "GC Thread#2" [stack: 0x0000000d76e00000,0x0000000d76f00000] [id=2632]
  0x000001c94e688d40 GCTaskThread "GC Thread#3" [stack: 0x0000000d76f00000,0x0000000d77000000] [id=7032]

Threads with active compile tasks:
C2 CompilerThread1  1004403 23166       4       org.eclipse.jdt.internal.compiler.lookup.BinaryTypeBinding::getExactMethod (269 bytes)

VM state: not at safepoint (normal execution)

VM Mutex/Monitor currently owned by a thread: None

Heap address: 0x00000000c0000000, size: 1024 MB, Compressed Oops mode: 32-bit

CDS archive(s) not mapped
Compressed class space mapped at: 0x0000000100000000-0x0000000140000000, reserved size: 1073741824
Narrow klass base: 0x0000000000000000, Narrow klass shift: 3, Narrow klass range: 0x140000000

GC Precious Log:
 CPUs: 4 total, 4 available
 Memory: 12156M
 Large Page Support: Disabled
 NUMA Support: Disabled
 Compressed Oops: Enabled (32-bit)
 Alignments: Space 512K, Generation 512K, Heap 2M
 Heap Min Capacity: 100M
 Heap Initial Capacity: 100M
 Heap Max Capacity: 1G
 Pre-touch: Disabled
 Parallel Workers: 4

Heap:
 PSYoungGen      total 4096K, used 2700K [0x00000000eab00000, 0x00000000eb080000, 0x0000000100000000)
  eden space 2560K, 71% used [0x00000000eab00000,0x00000000eacc7020,0x00000000ead80000)
  from space 1536K, 57% used [0x00000000eae00000,0x00000000eaedc010,0x00000000eaf80000)
  to   space 1024K, 0% used [0x00000000eaf80000,0x00000000eaf80000,0x00000000eb080000)
 ParOldGen       total 177152K, used 173222K [0x00000000c0000000, 0x00000000cad00000, 0x00000000eab00000)
  object space 177152K, 97% used [0x00000000c0000000,0x00000000ca9299f0,0x00000000cad00000)
 Metaspace       used 91868K, committed 93120K, reserved 1179648K
  class space    used 9348K, committed 9856K, reserved 1048576K

Card table byte_map: [0x000001c934a10000,0x000001c934c20000] _byte_map_base: 0x000001c934410000

Marking Bits: (ParMarkBitMap*) 0x00007ff81a1883a0
 Begin Bits: [0x000001c946cc0000, 0x000001c947cc0000)
 End Bits:   [0x000001c947cc0000, 0x000001c948cc0000)

Polling page: 0x000001c934800000

Metaspace:

Usage:
  Non-class:     80.59 MB used.
      Class:      9.13 MB used.
       Both:     89.72 MB used.

Virtual space:
  Non-class space:      128.00 MB reserved,      81.31 MB ( 64%) committed,  2 nodes.
      Class space:        1.00 GB reserved,       9.62 MB ( <1%) committed,  1 nodes.
             Both:        1.12 GB reserved,      90.94 MB (  8%) committed. 

Chunk freelists:
   Non-Class:  13.44 MB
       Class:  6.20 MB
        Both:  19.64 MB

MaxMetaspaceSize: unlimited
CompressedClassSpaceSize: 1.00 GB
Initial GC threshold: 21.00 MB
Current GC threshold: 151.50 MB
CDS: off
MetaspaceReclaimPolicy: balanced
 - commit_granule_bytes: 65536.
 - commit_granule_words: 8192.
 - virtual_space_node_default_size: 8388608.
 - enlarge_chunks_in_place: 1.
 - new_chunks_are_fully_committed: 0.
 - uncommit_free_chunks: 1.
 - use_allocation_guard: 0.
 - handle_deallocations: 1.


Internal statistics:

num_allocs_failed_limit: 9.
num_arena_births: 878.
num_arena_deaths: 100.
num_vsnodes_births: 3.
num_vsnodes_deaths: 0.
num_space_committed: 1455.
num_space_uncommitted: 0.
num_chunks_returned_to_freelist: 116.
num_chunks_taken_from_freelist: 4760.
num_chunk_merges: 43.
num_chunk_splits: 2897.
num_chunks_enlarged: 1602.
num_inconsistent_stats: 0.

CodeHeap 'non-profiled nmethods': size=120000Kb used=19719Kb max_used=19719Kb free=100281Kb
 bounds [0x000001c93f790000, 0x000001c940b50000, 0x000001c946cc0000]
CodeHeap 'profiled nmethods': size=120000Kb used=35353Kb max_used=35353Kb free=84646Kb
 bounds [0x000001c937cc0000, 0x000001c939f60000, 0x000001c93f1f0000]
CodeHeap 'non-nmethods': size=5760Kb used=1444Kb max_used=1624Kb free=4315Kb
 bounds [0x000001c93f1f0000, 0x000001c93f460000, 0x000001c93f790000]
 total_blobs=16801 nmethods=16004 adapters=704
 compilation: enabled
              stopped_count=0, restarted_count=0
 full_count=0

Compilation events (20 events):
Event: 1003.675 Thread 0x000001c951cdc080 nmethod 23154 0x000001c94054fe90 code [0x000001c940550120, 0x000001c940550df0]
Event: 1003.675 Thread 0x000001c951cdc080 23152       4       org.eclipse.jdt.internal.compiler.util.JrtFileSystem::getModulesDeclaringPackage (114 bytes)
Event: 1003.815 Thread 0x000001c951cdc080 nmethod 23152 0x000001c93fed2690 code [0x000001c93fed2900, 0x000001c93fed4610]
Event: 1003.815 Thread 0x000001c951cdc080 23160       4       org.eclipse.jdt.internal.compiler.lookup.BinaryTypeBinding::<init> (354 bytes)
Event: 1003.824 Thread 0x000001c948ebe890 23162       2       org.eclipse.jdt.internal.compiler.parser.Parser::consumeMethodHeaderExtendedDims (131 bytes)
Event: 1003.826 Thread 0x000001c948ebe890 nmethod 23162 0x000001c939f47710 code [0x000001c939f478e0, 0x000001c939f47be8]
Event: 1003.826 Thread 0x000001c948ebe890 23163       3       org.eclipse.jdt.internal.compiler.parser.Parser::consumeMethodHeaderName (384 bytes)
Event: 1003.828 Thread 0x000001c948ebe890 nmethod 23163 0x000001c939f47e10 code [0x000001c939f480a0, 0x000001c939f48fe8]
Event: 1003.958 Thread 0x000001c951cdc080 nmethod 23160 0x000001c9407dde10 code [0x000001c9407de100, 0x000001c9407e08e0]
Event: 1003.958 Thread 0x000001c951cdc080 23164       4       org.eclipse.jdt.core.dom.TypeBinding::getName (510 bytes)
Event: 1004.087 Thread 0x000001c951cdc080 nmethod 23164 0x000001c940228210 code [0x000001c9402284e0, 0x000001c940229ea0]
Event: 1004.087 Thread 0x000001c951cdc080 23161       4       org.eclipse.jdt.internal.compiler.classfmt.ClassFileReader::getSourceName (91 bytes)
Event: 1004.131 Thread 0x000001c948ebe890 23168   !   3       org.eclipse.jdt.internal.core.CompilationUnitProblemFinder::process (569 bytes)
Event: 1004.136 Thread 0x000001c948ebe890 nmethod 23168 0x000001c939f49590 code [0x000001c939f49ba0, 0x000001c939f4e0d8]
Event: 1004.143 Thread 0x000001c951cdc080 nmethod 23161 0x000001c94062d590 code [0x000001c94062d760, 0x000001c94062e688]
Event: 1004.143 Thread 0x000001c951cdc080 23166       4       org.eclipse.jdt.internal.compiler.lookup.BinaryTypeBinding::getExactMethod (269 bytes)
Event: 1004.154 Thread 0x000001c948ebe890 23169       3       org.eclipse.jdt.internal.compiler.parser.Parser$1TypeVisitor::visit (11 bytes)
Event: 1004.154 Thread 0x000001c948ebe890 nmethod 23169 0x000001c939f50210 code [0x000001c939f503c0, 0x000001c939f505a8]
Event: 1004.221 Thread 0x000001c948e87540 nmethod 23144 0x000001c940b36210 code [0x000001c940b36a40, 0x000001c940b42cb8]
Event: 1004.222 Thread 0x000001c948e87540 23151       4       org.eclipse.jdt.internal.compiler.lookup.Scope$Substitutor::substitute (850 bytes)

GC Heap History (20 events):
Event: 1003.752 GC heap before
{Heap before GC invocations=2889 (full 72):
 PSYoungGen      total 4096K, used 3968K [0x00000000eab00000, 0x00000000eb100000, 0x0000000100000000)
  eden space 2560K, 100% used [0x00000000eab00000,0x00000000ead80000,0x00000000ead80000)
  from space 1536K, 91% used [0x00000000ead80000,0x00000000eaee0000,0x00000000eaf00000)
  to   space 1536K, 0% used [0x00000000eaf80000,0x00000000eaf80000,0x00000000eb100000)
 ParOldGen       total 177152K, used 166441K [0x00000000c0000000, 0x00000000cad00000, 0x00000000eab00000)
  object space 177152K, 93% used [0x00000000c0000000,0x00000000ca28a5b0,0x00000000cad00000)
 Metaspace       used 91860K, committed 93120K, reserved 1179648K
  class space    used 9348K, committed 9856K, reserved 1048576K
}
Event: 1003.756 GC heap after
{Heap after GC invocations=2889 (full 72):
 PSYoungGen      total 2048K, used 1536K [0x00000000eab00000, 0x00000000eb580000, 0x0000000100000000)
  eden space 512K, 0% used [0x00000000eab00000,0x00000000eab00000,0x00000000eab80000)
  from space 1536K, 100% used [0x00000000eaf80000,0x00000000eb100000,0x00000000eb100000)
  to   space 4096K, 0% used [0x00000000eab80000,0x00000000eab80000,0x00000000eaf80000)
 ParOldGen       total 177152K, used 168216K [0x00000000c0000000, 0x00000000cad00000, 0x00000000eab00000)
  object space 177152K, 94% used [0x00000000c0000000,0x00000000ca446010,0x00000000cad00000)
 Metaspace       used 91860K, committed 93120K, reserved 1179648K
  class space    used 9348K, committed 9856K, reserved 1048576K
}
Event: 1003.771 GC heap before
{Heap before GC invocations=2890 (full 72):
 PSYoungGen      total 2048K, used 2048K [0x00000000eab00000, 0x00000000eb580000, 0x0000000100000000)
  eden space 512K, 100% used [0x00000000eab00000,0x00000000eab80000,0x00000000eab80000)
  from space 1536K, 100% used [0x00000000eaf80000,0x00000000eb100000,0x00000000eb100000)
  to   space 4096K, 0% used [0x00000000eab80000,0x00000000eab80000,0x00000000eaf80000)
 ParOldGen       total 177152K, used 168216K [0x00000000c0000000, 0x00000000cad00000, 0x00000000eab00000)
  object space 177152K, 94% used [0x00000000c0000000,0x00000000ca446010,0x00000000cad00000)
 Metaspace       used 91860K, committed 93120K, reserved 1179648K
  class space    used 9348K, committed 9856K, reserved 1048576K
}
Event: 1003.775 GC heap after
{Heap after GC invocations=2890 (full 72):
 PSYoungGen      total 1024K, used 224K [0x00000000eab00000, 0x00000000eb000000, 0x0000000100000000)
  eden space 512K, 0% used [0x00000000eab00000,0x00000000eab00000,0x00000000eab80000)
  from space 512K, 43% used [0x00000000eab80000,0x00000000eabb8000,0x00000000eac00000)
  to   space 1536K, 0% used [0x00000000eae80000,0x00000000eae80000,0x00000000eb000000)
 ParOldGen       total 177152K, used 168846K [0x00000000c0000000, 0x00000000cad00000, 0x00000000eab00000)
  object space 177152K, 95% used [0x00000000c0000000,0x00000000ca4e3bb8,0x00000000cad00000)
 Metaspace       used 91860K, committed 93120K, reserved 1179648K
  class space    used 9348K, committed 9856K, reserved 1048576K
}
Event: 1003.787 GC heap before
{Heap before GC invocations=2891 (full 72):
 PSYoungGen      total 1024K, used 736K [0x00000000eab00000, 0x00000000eb000000, 0x0000000100000000)
  eden space 512K, 100% used [0x00000000eab00000,0x00000000eab80000,0x00000000eab80000)
  from space 512K, 43% used [0x00000000eab80000,0x00000000eabb8000,0x00000000eac00000)
  to   space 1536K, 0% used [0x00000000eae80000,0x00000000eae80000,0x00000000eb000000)
 ParOldGen       total 177152K, used 168846K [0x00000000c0000000, 0x00000000cad00000, 0x00000000eab00000)
  object space 177152K, 95% used [0x00000000c0000000,0x00000000ca4e3bb8,0x00000000cad00000)
 Metaspace       used 91860K, committed 93120K, reserved 1179648K
  class space    used 9348K, committed 9856K, reserved 1048576K
}
Event: 1003.790 GC heap after
{Heap after GC invocations=2891 (full 72):
 PSYoungGen      total 1536K, used 224K [0x00000000eab00000, 0x00000000eaf00000, 0x0000000100000000)
  eden space 1024K, 0% used [0x00000000eab00000,0x00000000eab00000,0x00000000eac00000)
  from space 512K, 43% used [0x00000000eae80000,0x00000000eaeb8000,0x00000000eaf00000)
  to   space 512K, 0% used [0x00000000eae00000,0x00000000eae00000,0x00000000eae80000)
 ParOldGen       total 177152K, used 169022K [0x00000000c0000000, 0x00000000cad00000, 0x00000000eab00000)
  object space 177152K, 95% used [0x00000000c0000000,0x00000000ca50fbb8,0x00000000cad00000)
 Metaspace       used 91860K, committed 93120K, reserved 1179648K
  class space    used 9348K, committed 9856K, reserved 1048576K
}
Event: 1003.798 GC heap before
{Heap before GC invocations=2892 (full 72):
 PSYoungGen      total 1536K, used 1248K [0x00000000eab00000, 0x00000000eaf00000, 0x0000000100000000)
  eden space 1024K, 100% used [0x00000000eab00000,0x00000000eac00000,0x00000000eac00000)
  from space 512K, 43% used [0x00000000eae80000,0x00000000eaeb8000,0x00000000eaf00000)
  to   space 512K, 0% used [0x00000000eae00000,0x00000000eae00000,0x00000000eae80000)
 ParOldGen       total 177152K, used 169022K [0x00000000c0000000, 0x00000000cad00000, 0x00000000eab00000)
  object space 177152K, 95% used [0x00000000c0000000,0x00000000ca50fbb8,0x00000000cad00000)
 Metaspace       used 91860K, committed 93120K, reserved 1179648K
  class space    used 9348K, committed 9856K, reserved 1048576K
}
Event: 1003.800 GC heap after
{Heap after GC invocations=2892 (full 72):
 PSYoungGen      total 2048K, used 480K [0x00000000eab00000, 0x00000000eaf00000, 0x0000000100000000)
  eden space 1536K, 0% used [0x00000000eab00000,0x00000000eab00000,0x00000000eac80000)
  from space 512K, 93% used [0x00000000eae00000,0x00000000eae78000,0x00000000eae80000)
  to   space 512K, 0% used [0x00000000eae80000,0x00000000eae80000,0x00000000eaf00000)
 ParOldGen       total 177152K, used 169204K [0x00000000c0000000, 0x00000000cad00000, 0x00000000eab00000)
  object space 177152K, 95% used [0x00000000c0000000,0x00000000ca53d198,0x00000000cad00000)
 Metaspace       used 91860K, committed 93120K, reserved 1179648K
  class space    used 9348K, committed 9856K, reserved 1048576K
}
Event: 1003.806 GC heap before
{Heap before GC invocations=2893 (full 72):
 PSYoungGen      total 2048K, used 2016K [0x00000000eab00000, 0x00000000eaf00000, 0x0000000100000000)
  eden space 1536K, 100% used [0x00000000eab00000,0x00000000eac80000,0x00000000eac80000)
  from space 512K, 93% used [0x00000000eae00000,0x00000000eae78000,0x00000000eae80000)
  to   space 512K, 0% used [0x00000000eae80000,0x00000000eae80000,0x00000000eaf00000)
 ParOldGen       total 177152K, used 169204K [0x00000000c0000000, 0x00000000cad00000, 0x00000000eab00000)
  object space 177152K, 95% used [0x00000000c0000000,0x00000000ca53d198,0x00000000cad00000)
 Metaspace       used 91860K, committed 93120K, reserved 1179648K
  class space    used 9348K, committed 9856K, reserved 1048576K
}
Event: 1003.810 GC heap after
{Heap after GC invocations=2893 (full 72):
 PSYoungGen      total 2560K, used 496K [0x00000000eab00000, 0x00000000eaf00000, 0x0000000100000000)
  eden space 2048K, 0% used [0x00000000eab00000,0x00000000eab00000,0x00000000ead00000)
  from space 512K, 96% used [0x00000000eae80000,0x00000000eaefc010,0x00000000eaf00000)
  to   space 1024K, 0% used [0x00000000ead00000,0x00000000ead00000,0x00000000eae00000)
 ParOldGen       total 177152K, used 169568K [0x00000000c0000000, 0x00000000cad00000, 0x00000000eab00000)
  object space 177152K, 95% used [0x00000000c0000000,0x00000000ca5983d0,0x00000000cad00000)
 Metaspace       used 91860K, committed 93120K, reserved 1179648K
  class space    used 9348K, committed 9856K, reserved 1048576K
}
Event: 1003.836 GC heap before
{Heap before GC invocations=2894 (full 72):
 PSYoungGen      total 2560K, used 2544K [0x00000000eab00000, 0x00000000eaf00000, 0x0000000100000000)
  eden space 2048K, 100% used [0x00000000eab00000,0x00000000ead00000,0x00000000ead00000)
  from space 512K, 96% used [0x00000000eae80000,0x00000000eaefc010,0x00000000eaf00000)
  to   space 1024K, 0% used [0x00000000ead00000,0x00000000ead00000,0x00000000eae00000)
 ParOldGen       total 177152K, used 169568K [0x00000000c0000000, 0x00000000cad00000, 0x00000000eab00000)
  object space 177152K, 95% used [0x00000000c0000000,0x00000000ca5983d0,0x00000000cad00000)
 Metaspace       used 91860K, committed 93120K, reserved 1179648K
  class space    used 9348K, committed 9856K, reserved 1048576K
}
Event: 1003.839 GC heap after
{Heap after GC invocations=2894 (full 72):
 PSYoungGen      total 3072K, used 795K [0x00000000eab00000, 0x00000000eaf80000, 0x0000000100000000)
  eden space 2048K, 0% used [0x00000000eab00000,0x00000000eab00000,0x00000000ead00000)
  from space 1024K, 77% used [0x00000000ead00000,0x00000000eadc6dd0,0x00000000eae00000)
  to   space 1024K, 0% used [0x00000000eae80000,0x00000000eae80000,0x00000000eaf80000)
 ParOldGen       total 177152K, used 170029K [0x00000000c0000000, 0x00000000cad00000, 0x00000000eab00000)
  object space 177152K, 95% used [0x00000000c0000000,0x00000000ca60b418,0x00000000cad00000)
 Metaspace       used 91860K, committed 93120K, reserved 1179648K
  class space    used 9348K, committed 9856K, reserved 1048576K
}
Event: 1003.918 GC heap before
{Heap before GC invocations=2895 (full 72):
 PSYoungGen      total 3072K, used 2761K [0x00000000eab00000, 0x00000000eaf80000, 0x0000000100000000)
  eden space 2048K, 95% used [0x00000000eab00000,0x00000000eaceb758,0x00000000ead00000)
  from space 1024K, 77% used [0x00000000ead00000,0x00000000eadc6dd0,0x00000000eae00000)
  to   space 1024K, 0% used [0x00000000eae80000,0x00000000eae80000,0x00000000eaf80000)
 ParOldGen       total 177152K, used 170029K [0x00000000c0000000, 0x00000000cad00000, 0x00000000eab00000)
  object space 177152K, 95% used [0x00000000c0000000,0x00000000ca60b418,0x00000000cad00000)
 Metaspace       used 91860K, committed 93120K, reserved 1179648K
  class space    used 9348K, committed 9856K, reserved 1048576K
}
Event: 1003.921 GC heap after
{Heap after GC invocations=2895 (full 72):
 PSYoungGen      total 3072K, used 288K [0x00000000eab00000, 0x00000000eaf00000, 0x0000000100000000)
  eden space 2560K, 0% used [0x00000000eab00000,0x00000000eab00000,0x00000000ead80000)
  from space 512K, 56% used [0x00000000eae80000,0x00000000eaec8000,0x00000000eaf00000)
  to   space 512K, 0% used [0x00000000eae00000,0x00000000eae00000,0x00000000eae80000)
 ParOldGen       total 177152K, used 170738K [0x00000000c0000000, 0x00000000cad00000, 0x00000000eab00000)
  object space 177152K, 96% used [0x00000000c0000000,0x00000000ca6bc9f8,0x00000000cad00000)
 Metaspace       used 91860K, committed 93120K, reserved 1179648K
  class space    used 9348K, committed 9856K, reserved 1048576K
}
Event: 1004.097 GC heap before
{Heap before GC invocations=2896 (full 72):
 PSYoungGen      total 3072K, used 2848K [0x00000000eab00000, 0x00000000eaf00000, 0x0000000100000000)
  eden space 2560K, 100% used [0x00000000eab00000,0x00000000ead80000,0x00000000ead80000)
  from space 512K, 56% used [0x00000000eae80000,0x00000000eaec8000,0x00000000eaf00000)
  to   space 512K, 0% used [0x00000000eae00000,0x00000000eae00000,0x00000000eae80000)
 ParOldGen       total 177152K, used 170738K [0x00000000c0000000, 0x00000000cad00000, 0x00000000eab00000)
  object space 177152K, 96% used [0x00000000c0000000,0x00000000ca6bc9f8,0x00000000cad00000)
 Metaspace       used 91860K, committed 93120K, reserved 1179648K
  class space    used 9348K, committed 9856K, reserved 1048576K
}
Event: 1004.101 GC heap after
{Heap after GC invocations=2896 (full 72):
 PSYoungGen      total 3072K, used 483K [0x00000000eab00000, 0x00000000eb280000, 0x0000000100000000)
  eden space 2560K, 0% used [0x00000000eab00000,0x00000000eab00000,0x00000000ead80000)
  from space 512K, 94% used [0x00000000eae00000,0x00000000eae78fd8,0x00000000eae80000)
  to   space 2560K, 0% used [0x00000000eb000000,0x00000000eb000000,0x00000000eb280000)
 ParOldGen       total 177152K, used 172062K [0x00000000c0000000, 0x00000000cad00000, 0x00000000eab00000)
  object space 177152K, 97% used [0x00000000c0000000,0x00000000ca8079c0,0x00000000cad00000)
 Metaspace       used 91860K, committed 93120K, reserved 1179648K
  class space    used 9348K, committed 9856K, reserved 1048576K
}
Event: 1004.120 GC heap before
{Heap before GC invocations=2897 (full 72):
 PSYoungGen      total 3072K, used 3043K [0x00000000eab00000, 0x00000000eb280000, 0x0000000100000000)
  eden space 2560K, 100% used [0x00000000eab00000,0x00000000ead80000,0x00000000ead80000)
  from space 512K, 94% used [0x00000000eae00000,0x00000000eae78fd8,0x00000000eae80000)
  to   space 2560K, 0% used [0x00000000eb000000,0x00000000eb000000,0x00000000eb280000)
 ParOldGen       total 177152K, used 172062K [0x00000000c0000000, 0x00000000cad00000, 0x00000000eab00000)
  object space 177152K, 97% used [0x00000000c0000000,0x00000000ca8079c0,0x00000000cad00000)
 Metaspace       used 91860K, committed 93120K, reserved 1179648K
  class space    used 9348K, committed 9856K, reserved 1048576K
}
Event: 1004.122 GC heap after
{Heap after GC invocations=2897 (full 72):
 PSYoungGen      total 3584K, used 704K [0x00000000eab00000, 0x00000000eb100000, 0x0000000100000000)
  eden space 2560K, 0% used [0x00000000eab00000,0x00000000eab00000,0x00000000ead80000)
  from space 1024K, 68% used [0x00000000eb000000,0x00000000eb0b0000,0x00000000eb100000)
  to   space 1536K, 0% used [0x00000000eae00000,0x00000000eae00000,0x00000000eaf80000)
 ParOldGen       total 177152K, used 172550K [0x00000000c0000000, 0x00000000cad00000, 0x00000000eab00000)
  object space 177152K, 97% used [0x00000000c0000000,0x00000000ca8819d0,0x00000000cad00000)
 Metaspace       used 91860K, committed 93120K, reserved 1179648K
  class space    used 9348K, committed 9856K, reserved 1048576K
}
Event: 1004.156 GC heap before
{Heap before GC invocations=2898 (full 72):
 PSYoungGen      total 3584K, used 3264K [0x00000000eab00000, 0x00000000eb100000, 0x0000000100000000)
  eden space 2560K, 100% used [0x00000000eab00000,0x00000000ead80000,0x00000000ead80000)
  from space 1024K, 68% used [0x00000000eb000000,0x00000000eb0b0000,0x00000000eb100000)
  to   space 1536K, 0% used [0x00000000eae00000,0x00000000eae00000,0x00000000eaf80000)
 ParOldGen       total 177152K, used 172550K [0x00000000c0000000, 0x00000000cad00000, 0x00000000eab00000)
  object space 177152K, 97% used [0x00000000c0000000,0x00000000ca8819d0,0x00000000cad00000)
 Metaspace       used 91868K, committed 93120K, reserved 1179648K
  class space    used 9348K, committed 9856K, reserved 1048576K
}
Event: 1004.160 GC heap after
{Heap after GC invocations=2898 (full 72):
 PSYoungGen      total 4096K, used 880K [0x00000000eab00000, 0x00000000eb080000, 0x0000000100000000)
  eden space 2560K, 0% used [0x00000000eab00000,0x00000000eab00000,0x00000000ead80000)
  from space 1536K, 57% used [0x00000000eae00000,0x00000000eaedc010,0x00000000eaf80000)
  to   space 1024K, 0% used [0x00000000eaf80000,0x00000000eaf80000,0x00000000eb080000)
 ParOldGen       total 177152K, used 173222K [0x00000000c0000000, 0x00000000cad00000, 0x00000000eab00000)
  object space 177152K, 97% used [0x00000000c0000000,0x00000000ca9299f0,0x00000000cad00000)
 Metaspace       used 91868K, committed 93120K, reserved 1179648K
  class space    used 9348K, committed 9856K, reserved 1048576K
}

Dll operation events (11 events):
Event: 0.015 Loaded shared library c:\Users\Acer\.vscode\extensions\redhat.java-1.22.1-win32-x64\jre\17.0.8.1-win32-x86_64\bin\java.dll
Event: 0.960 Loaded shared library c:\Users\Acer\.vscode\extensions\redhat.java-1.22.1-win32-x64\jre\17.0.8.1-win32-x86_64\bin\zip.dll
Event: 0.964 Loaded shared library C:\Users\Acer\.vscode\extensions\redhat.java-1.22.1-win32-x64\jre\17.0.8.1-win32-x86_64\bin\instrument.dll
Event: 1.032 Loaded shared library C:\Users\Acer\.vscode\extensions\redhat.java-1.22.1-win32-x64\jre\17.0.8.1-win32-x86_64\bin\net.dll
Event: 1.035 Loaded shared library C:\Users\Acer\.vscode\extensions\redhat.java-1.22.1-win32-x64\jre\17.0.8.1-win32-x86_64\bin\nio.dll
Event: 1.051 Loaded shared library C:\Users\Acer\.vscode\extensions\redhat.java-1.22.1-win32-x64\jre\17.0.8.1-win32-x86_64\bin\zip.dll
Event: 1.126 Loaded shared library C:\Users\Acer\.vscode\extensions\redhat.java-1.22.1-win32-x64\jre\17.0.8.1-win32-x86_64\bin\jimage.dll
Event: 1.396 Loaded shared library c:\Users\Acer\.vscode\extensions\redhat.java-1.22.1-win32-x64\jre\17.0.8.1-win32-x86_64\bin\verify.dll
Event: 14.254 Loaded shared library C:\Users\Acer\AppData\Roaming\Code\User\globalStorage\redhat.java\1.22.1\config_win\org.eclipse.equinox.launcher\org.eclipse.equinox.launcher.win32.win32.x86_64_1.2.700.v20221108-1024\eclipse_11801.dll
Event: 35.070 Loaded shared library C:\Users\Acer\AppData\Local\Temp\jna-2034799\jna10348236290543155369.dll
Event: 37.600 Loaded shared library C:\Users\Acer\.vscode\extensions\redhat.java-1.22.1-win32-x64\jre\17.0.8.1-win32-x86_64\bin\sunmscapi.dll

Deoptimization events (20 events):
Event: 1002.810 Thread 0x000001c9523efea0 Uncommon trap: trap_request=0xffffffc6 fr.pc=0x000001c9406d3924 relative=0x0000000000000384
Event: 1002.810 Thread 0x000001c9523efea0 Uncommon trap: reason=bimorphic_or_optimized_type_check action=maybe_recompile pc=0x000001c9406d3924 method=org.eclipse.jdt.internal.compiler.ast.TypeDeclaration.checkConstructors(Lorg/eclipse/jdt/internal/compiler/parser/Parser;)Z @ 27 c2
Event: 1002.810 Thread 0x000001c9523efea0 DEOPT PACKING pc=0x000001c9406d3924 sp=0x0000000d782fe970
Event: 1002.810 Thread 0x000001c9523efea0 DEOPT UNPACKING pc=0x000001c93f2466a3 sp=0x0000000d782fe8f8 mode 2
Event: 1002.810 Thread 0x000001c9523efea0 Uncommon trap: trap_request=0xffffffc6 fr.pc=0x000001c94097c7a8 relative=0x0000000000005748
Event: 1002.810 Thread 0x000001c9523efea0 Uncommon trap: reason=bimorphic_or_optimized_type_check action=maybe_recompile pc=0x000001c94097c7a8 method=org.eclipse.jdt.internal.compiler.SourceElementNotifier.notifySourceElementRequestor(Lorg/eclipse/jdt/internal/compiler/ast/AbstractMethodDeclarati
Event: 1002.810 Thread 0x000001c9523efea0 DEOPT PACKING pc=0x000001c94097c7a8 sp=0x0000000d782fe920
Event: 1002.810 Thread 0x000001c9523efea0 DEOPT UNPACKING pc=0x000001c93f2466a3 sp=0x0000000d782fe908 mode 2
Event: 1002.810 Thread 0x000001c9523efea0 Uncommon trap: trap_request=0xffffffc6 fr.pc=0x000001c94097c7a8 relative=0x0000000000005748
Event: 1002.810 Thread 0x000001c9523efea0 Uncommon trap: reason=bimorphic_or_optimized_type_check action=maybe_recompile pc=0x000001c94097c7a8 method=org.eclipse.jdt.internal.compiler.SourceElementNotifier.notifySourceElementRequestor(Lorg/eclipse/jdt/internal/compiler/ast/AbstractMethodDeclarati
Event: 1002.810 Thread 0x000001c9523efea0 DEOPT PACKING pc=0x000001c94097c7a8 sp=0x0000000d782fe920
Event: 1002.810 Thread 0x000001c9523efea0 DEOPT UNPACKING pc=0x000001c93f2466a3 sp=0x0000000d782fe908 mode 2
Event: 1002.812 Thread 0x000001c9523efea0 Uncommon trap: trap_request=0xffffff45 fr.pc=0x000001c940ab0254 relative=0x0000000000004834
Event: 1002.812 Thread 0x000001c9523efea0 Uncommon trap: reason=unstable_if action=reinterpret pc=0x000001c940ab0254 method=org.eclipse.jdt.internal.compiler.parser.AbstractCommentParser.commentParse()Z @ 550 c2
Event: 1002.812 Thread 0x000001c9523efea0 DEOPT PACKING pc=0x000001c940ab0254 sp=0x0000000d782fe680
Event: 1002.812 Thread 0x000001c9523efea0 DEOPT UNPACKING pc=0x000001c93f2466a3 sp=0x0000000d782fe688 mode 2
Event: 1002.813 Thread 0x000001c9523efea0 Uncommon trap: trap_request=0xffffff45 fr.pc=0x000001c940349520 relative=0x0000000000000400
Event: 1002.813 Thread 0x000001c9523efea0 Uncommon trap: reason=unstable_if action=reinterpret pc=0x000001c940349520 method=org.eclipse.jdt.ls.core.internal.javadoc.JavaDoc2HTMLTextReader.computeSubstitution(I)Ljava/lang/String; @ 3 c2
Event: 1002.813 Thread 0x000001c9523efea0 DEOPT PACKING pc=0x000001c940349520 sp=0x0000000d782ff0c0
Event: 1002.813 Thread 0x000001c9523efea0 DEOPT UNPACKING pc=0x000001c93f2466a3 sp=0x0000000d782ff018 mode 2

Classes unloaded (20 events):
Event: 932.087 Thread 0x000001c948e4c7d0 Unloading class 0x000000010024d800 'java/lang/invoke/LambdaForm$MH+0x000000010024d800'
Event: 932.087 Thread 0x000001c948e4c7d0 Unloading class 0x000000010022f400 'java/lang/invoke/LambdaForm$MH+0x000000010022f400'
Event: 932.087 Thread 0x000001c948e4c7d0 Unloading class 0x000000010022f000 'java/lang/invoke/LambdaForm$MH+0x000000010022f000'
Event: 932.087 Thread 0x000001c948e4c7d0 Unloading class 0x000000010022ec00 'java/lang/invoke/LambdaForm$MH+0x000000010022ec00'
Event: 932.087 Thread 0x000001c948e4c7d0 Unloading class 0x000000010022e800 'java/lang/invoke/LambdaForm$MH+0x000000010022e800'
Event: 932.087 Thread 0x000001c948e4c7d0 Unloading class 0x000000010022e400 'java/lang/invoke/LambdaForm$MH+0x000000010022e400'
Event: 932.087 Thread 0x000001c948e4c7d0 Unloading class 0x000000010022e000 'java/lang/invoke/LambdaForm$MH+0x000000010022e000'
Event: 932.087 Thread 0x000001c948e4c7d0 Unloading class 0x000000010021ec00 'java/lang/invoke/LambdaForm$MH+0x000000010021ec00'
Event: 934.853 Thread 0x000001c948e4c7d0 Unloading class 0x00000001005bd000 'java/lang/invoke/LambdaForm$MH+0x00000001005bd000'
Event: 934.853 Thread 0x000001c948e4c7d0 Unloading class 0x00000001005bcc00 'java/lang/invoke/LambdaForm$MH+0x00000001005bcc00'
Event: 934.853 Thread 0x000001c948e4c7d0 Unloading class 0x00000001005bc800 'java/lang/invoke/LambdaForm$MH+0x00000001005bc800'
Event: 934.853 Thread 0x000001c948e4c7d0 Unloading class 0x00000001005bc400 'java/lang/invoke/LambdaForm$MH+0x00000001005bc400'
Event: 934.853 Thread 0x000001c948e4c7d0 Unloading class 0x0000000100228800 'jdk/internal/reflect/GeneratedConstructorAccessor3'
Event: 961.598 Thread 0x000001c948e4c7d0 Unloading class 0x00000001008a9000 'java/lang/invoke/LambdaForm$MH+0x00000001008a9000'
Event: 961.598 Thread 0x000001c948e4c7d0 Unloading class 0x00000001008a8c00 'java/lang/invoke/LambdaForm$MH+0x00000001008a8c00'
Event: 961.599 Thread 0x000001c948e4c7d0 Unloading class 0x00000001008a8800 'java/lang/invoke/LambdaForm$MH+0x00000001008a8800'
Event: 961.599 Thread 0x000001c948e4c7d0 Unloading class 0x00000001008a8400 'java/lang/invoke/LambdaForm$MH+0x00000001008a8400'
Event: 961.599 Thread 0x000001c948e4c7d0 Unloading class 0x00000001008a8000 'java/lang/invoke/LambdaForm$MH+0x00000001008a8000'
Event: 961.599 Thread 0x000001c948e4c7d0 Unloading class 0x000000010021e800 'java/lang/invoke/LambdaForm$MH+0x000000010021e800'
Event: 961.599 Thread 0x000001c948e4c7d0 Unloading class 0x000000010021e000 'java/lang/invoke/LambdaForm$MH+0x000000010021e000'

Classes redefined (0 events):
No events

Internal exceptions (20 events):
Event: 977.372 Thread 0x000001c95040b110 Implicit null exception at 0x000001c9409bf600 to 0x000001c9409c1598
Event: 977.372 Thread 0x000001c95040b110 Implicit null exception at 0x000001c93fea4060 to 0x000001c93fea4784
Event: 977.381 Thread 0x000001c95040b110 Implicit null exception at 0x000001c94007c2c4 to 0x000001c94007cd6c
Event: 977.396 Thread 0x000001c95040b110 Implicit null exception at 0x000001c94028bd20 to 0x000001c94028bd4c
Event: 977.536 Thread 0x000001c95040b110 Implicit null exception at 0x000001c94062d0c1 to 0x000001c94062da08
Event: 977.725 Thread 0x000001c95040b110 Implicit null exception at 0x000001c940233cea to 0x000001c940233dac
Event: 978.073 Thread 0x000001c95040b110 Implicit null exception at 0x000001c9403d57b5 to 0x000001c9403d5ce8
Event: 978.073 Thread 0x000001c95040b110 Implicit null exception at 0x000001c9400da520 to 0x000001c9400dad34
Event: 978.134 Thread 0x000001c95040b110 Implicit null exception at 0x000001c94077cfe0 to 0x000001c94077d214
Event: 978.481 Thread 0x000001c95040b110 Implicit null exception at 0x000001c93fe0c192 to 0x000001c93fe0d29c
Event: 979.905 Thread 0x000001c94ef958c0 Exception <a 'sun/nio/fs/WindowsException'{0x00000000eaf7b6a8}> (0x00000000eaf7b6a8) 
thrown [s\src\hotspot\share\prims\jni.cpp, line 516]
Event: 982.195 Thread 0x000001c9523ecc00 Exception <a 'sun/nio/fs/WindowsException'{0x00000000eaeee170}> (0x00000000eaeee170) 
thrown [s\src\hotspot\share\prims\jni.cpp, line 516]
Event: 982.203 Thread 0x000001c9523ecc00 Exception <a 'sun/nio/fs/WindowsException'{0x00000000eaf7ff48}> (0x00000000eaf7ff48) 
thrown [s\src\hotspot\share\prims\jni.cpp, line 516]
Event: 982.338 Thread 0x000001c9523ecc00 Exception <a 'sun/nio/fs/WindowsException'{0x00000000eadb04a0}> (0x00000000eadb04a0) 
thrown [s\src\hotspot\share\prims\jni.cpp, line 516]
Event: 982.343 Thread 0x000001c9523ecc00 Exception <a 'sun/nio/fs/WindowsException'{0x00000000eadc0220}> (0x00000000eadc0220) 
thrown [s\src\hotspot\share\prims\jni.cpp, line 516]
Event: 982.352 Thread 0x000001c9523ecc00 Exception <a 'sun/nio/fs/WindowsException'{0x00000000eadceec8}> (0x00000000eadceec8) 
thrown [s\src\hotspot\share\prims\jni.cpp, line 516]
Event: 982.357 Thread 0x000001c9523ecc00 Exception <a 'sun/nio/fs/WindowsException'{0x00000000eadded28}> (0x00000000eadded28) 
thrown [s\src\hotspot\share\prims\jni.cpp, line 516]
Event: 984.446 Thread 0x000001c9523eada0 Exception <a 'java/lang/ArrayIndexOutOfBoundsException'{0x00000000eac853b0}> (0x00000000eac853b0) 
thrown [s\src\hotspot\share\runtime\sharedRuntime.cpp, line 628]
Event: 987.018 Thread 0x000001c94ef958c0 Exception <a 'sun/nio/fs/WindowsException'{0x00000000eab0f468}> (0x00000000eab0f468) 
thrown [s\src\hotspot\share\prims\jni.cpp, line 516]
Event: 1003.333 Thread 0x000001c94ef958c0 Exception <a 'sun/nio/fs/WindowsException'{0x00000000eaccfd68}> (0x00000000eaccfd68) 
thrown [s\src\hotspot\share\prims\jni.cpp, line 516]

VM Operations (20 events):
Event: 1003.726 Executing VM operation: ParallelGCFailedAllocation
Event: 1003.769 Executing VM operation: ParallelGCFailedAllocation done
Event: 1003.771 Executing VM operation: ParallelGCFailedAllocation
Event: 1003.783 Executing VM operation: ParallelGCFailedAllocation done
Event: 1003.787 Executing VM operation: ParallelGCFailedAllocation
Event: 1003.790 Executing VM operation: ParallelGCFailedAllocation done
Event: 1003.798 Executing VM operation: ParallelGCFailedAllocation
Event: 1003.800 Executing VM operation: ParallelGCFailedAllocation done
Event: 1003.806 Executing VM operation: ParallelGCFailedAllocation
Event: 1003.819 Executing VM operation: ParallelGCFailedAllocation done
Event: 1003.836 Executing VM operation: ParallelGCFailedAllocation
Event: 1003.839 Executing VM operation: ParallelGCFailedAllocation done
Event: 1003.917 Executing VM operation: ParallelGCFailedAllocation
Event: 1003.921 Executing VM operation: ParallelGCFailedAllocation done
Event: 1004.097 Executing VM operation: ParallelGCFailedAllocation
Event: 1004.101 Executing VM operation: ParallelGCFailedAllocation done
Event: 1004.118 Executing VM operation: ParallelGCFailedAllocation
Event: 1004.122 Executing VM operation: ParallelGCFailedAllocation done
Event: 1004.155 Executing VM operation: ParallelGCFailedAllocation
Event: 1004.160 Executing VM operation: ParallelGCFailedAllocation done

Events (20 events):
Event: 983.373 Thread 0x000001c94e00ee20 flushing nmethod 0x000001c94062c710
Event: 983.373 Thread 0x000001c94e00ee20 flushing nmethod 0x000001c940695410
Event: 983.373 Thread 0x000001c94e00ee20 flushing nmethod 0x000001c9406e9e10
Event: 983.374 Thread 0x000001c94e00ee20 flushing nmethod 0x000001c940790790
Event: 983.374 Thread 0x000001c94e00ee20 flushing nmethod 0x000001c9408d9f90
Event: 983.374 Thread 0x000001c94e00ee20 flushing nmethod 0x000001c940925390
Event: 983.374 Thread 0x000001c94e00ee20 flushing nmethod 0x000001c94092e410
Event: 983.374 Thread 0x000001c94e00ee20 flushing nmethod 0x000001c940962d90
Event: 983.375 Thread 0x000001c94e00ee20 flushing nmethod 0x000001c940989610
Event: 983.375 Thread 0x000001c94e00ee20 flushing nmethod 0x000001c940a07690
Event: 983.905 Thread 0x000001c9523edb30 Thread added: 0x000001c9523edb30
Event: 984.118 Thread 0x000001c9523edb30 Thread exited: 0x000001c9523edb30
Event: 985.696 Thread 0x000001c9523f12e0 Thread added: 0x000001c9523f12e0
Event: 985.876 Thread 0x000001c9523f12e0 Thread exited: 0x000001c9523f12e0
Event: 987.022 Thread 0x000001c951ce1580 Thread exited: 0x000001c951ce1580
Event: 1002.823 Thread 0x000001c951ce1580 Thread added: 0x000001c951ce1580
Event: 1002.985 Thread 0x000001c951ce1580 Thread exited: 0x000001c951ce1580
Event: 1003.414 Thread 0x000001c951cdc080 Thread added: 0x000001c951cdc080
Event: 1003.501 Thread 0x000001c9523f03b0 Thread added: 0x000001c9523f03b0
Event: 1003.563 Thread 0x000001c9523f03b0 Thread exited: 0x000001c9523f03b0


Dynamic libraries:
0x00007ff7c2a30000 - 0x00007ff7c2a3e000 	c:\Users\Acer\.vscode\extensions\redhat.java-1.22.1-win32-x64\jre\17.0.8.1-win32-x86_64\bin\java.exe
0x00007ff87d730000 - 0x00007ff87d928000 	C:\Windows\SYSTEM32\ntdll.dll
0x00007ff87d110000 - 0x00007ff87d1cd000 	C:\Windows\System32\KERNEL32.DLL
0x00007ff87af30000 - 0x00007ff87b226000 	C:\Windows\System32\KERNELBASE.dll
0x00007ff87b230000 - 0x00007ff87b330000 	C:\Windows\System32\ucrtbase.dll
0x00007ff81d7b0000 - 0x00007ff81d7c7000 	c:\Users\Acer\.vscode\extensions\redhat.java-1.22.1-win32-x64\jre\17.0.8.1-win32-x86_64\bin\jli.dll
0x00007ff87cec0000 - 0x00007ff87d05e000 	C:\Windows\System32\USER32.dll
0x00007ff87b5b0000 - 0x00007ff87b5d2000 	C:\Windows\System32\win32u.dll
0x00007ff87ba30000 - 0x00007ff87ba5c000 	C:\Windows\System32\GDI32.dll
0x00007ff87ae10000 - 0x00007ff87af2a000 	C:\Windows\System32\gdi32full.dll
0x00007ff87b510000 - 0x00007ff87b5ad000 	C:\Windows\System32\msvcp_win.dll
0x00007ff81ca80000 - 0x00007ff81ca99000 	c:\Users\Acer\.vscode\extensions\redhat.java-1.22.1-win32-x64\jre\17.0.8.1-win32-x86_64\bin\VCRUNTIME140.dll
0x00007ff86bca0000 - 0x00007ff86bf3a000 	C:\Windows\WinSxS\amd64_microsoft.windows.common-controls_6595b64144ccf1df_6.0.19041.1110_none_60b5254171f9507e\COMCTL32.dll
0x00007ff87d060000 - 0x00007ff87d0fe000 	C:\Windows\System32\msvcrt.dll
0x00007ff87c660000 - 0x00007ff87c690000 	C:\Windows\System32\IMM32.DLL
0x00007ff8620b0000 - 0x00007ff8620bc000 	c:\Users\Acer\.vscode\extensions\redhat.java-1.22.1-win32-x64\jre\17.0.8.1-win32-x86_64\bin\vcruntime140_1.dll
0x00007ff81c9e0000 - 0x00007ff81ca71000 	c:\Users\Acer\.vscode\extensions\redhat.java-1.22.1-win32-x64\jre\17.0.8.1-win32-x86_64\bin\msvcp140.dll
0x00007ff819600000 - 0x00007ff81a24c000 	c:\Users\Acer\.vscode\extensions\redhat.java-1.22.1-win32-x64\jre\17.0.8.1-win32-x86_64\bin\server\jvm.dll
0x00007ff87bd60000 - 0x00007ff87be0e000 	C:\Windows\System32\ADVAPI32.dll
0x00007ff87be80000 - 0x00007ff87bf1c000 	C:\Windows\System32\sechost.dll
0x00007ff87bb10000 - 0x00007ff87bc36000 	C:\Windows\System32\RPCRT4.dll
0x00007ff87ac70000 - 0x00007ff87acbb000 	C:\Windows\SYSTEM32\POWRPROF.dll
0x00007ff874290000 - 0x00007ff874299000 	C:\Windows\SYSTEM32\WSOCK32.dll
0x00007ff87bcf0000 - 0x00007ff87bd5b000 	C:\Windows\System32\WS2_32.dll
0x00007ff861320000 - 0x00007ff861347000 	C:\Windows\SYSTEM32\WINMM.dll
0x00007ff8745f0000 - 0x00007ff8745fa000 	C:\Windows\SYSTEM32\VERSION.dll
0x00007ff87ac50000 - 0x00007ff87ac62000 	C:\Windows\SYSTEM32\UMPDC.dll
0x00007ff878ca0000 - 0x00007ff878cb2000 	C:\Windows\SYSTEM32\kernel.appcore.dll
0x00007ff874280000 - 0x00007ff87428a000 	c:\Users\Acer\.vscode\extensions\redhat.java-1.22.1-win32-x64\jre\17.0.8.1-win32-x86_64\bin\jimage.dll
0x00007ff861ec0000 - 0x00007ff8620a4000 	C:\Windows\SYSTEM32\DBGHELP.DLL
0x00007ff861e80000 - 0x00007ff861eb4000 	C:\Windows\SYSTEM32\dbgcore.DLL
0x00007ff87b690000 - 0x00007ff87b712000 	C:\Windows\System32\bcryptPrimitives.dll
0x00007ff856360000 - 0x00007ff85636e000 	c:\Users\Acer\.vscode\extensions\redhat.java-1.22.1-win32-x64\jre\17.0.8.1-win32-x86_64\bin\instrument.dll
0x00007ff825d80000 - 0x00007ff825da5000 	c:\Users\Acer\.vscode\extensions\redhat.java-1.22.1-win32-x64\jre\17.0.8.1-win32-x86_64\bin\java.dll
0x00007ff825d60000 - 0x00007ff825d78000 	c:\Users\Acer\.vscode\extensions\redhat.java-1.22.1-win32-x64\jre\17.0.8.1-win32-x86_64\bin\zip.dll
0x00007ff87c6f0000 - 0x00007ff87ce35000 	C:\Windows\System32\SHELL32.dll
0x00007ff878ea0000 - 0x00007ff87963b000 	C:\Windows\SYSTEM32\windows.storage.dll
0x00007ff87d260000 - 0x00007ff87d5b4000 	C:\Windows\System32\combase.dll
0x00007ff87a780000 - 0x00007ff87a7ae000 	C:\Windows\SYSTEM32\Wldp.dll
0x00007ff87bc40000 - 0x00007ff87bced000 	C:\Windows\System32\SHCORE.dll
0x00007ff87c690000 - 0x00007ff87c6e5000 	C:\Windows\System32\shlwapi.dll
0x00007ff87ad40000 - 0x00007ff87ad65000 	C:\Windows\SYSTEM32\profapi.dll
0x00007ff825d40000 - 0x00007ff825d59000 	C:\Users\Acer\.vscode\extensions\redhat.java-1.22.1-win32-x64\jre\17.0.8.1-win32-x86_64\bin\net.dll
0x00007ff871520000 - 0x00007ff87162a000 	C:\Windows\SYSTEM32\WINHTTP.dll
0x00007ff87a4e0000 - 0x00007ff87a54a000 	C:\Windows\system32\mswsock.dll
0x00007ff81e300000 - 0x00007ff81e315000 	C:\Users\Acer\.vscode\extensions\redhat.java-1.22.1-win32-x64\jre\17.0.8.1-win32-x86_64\bin\nio.dll
0x00007ff855ff0000 - 0x00007ff856000000 	c:\Users\Acer\.vscode\extensions\redhat.java-1.22.1-win32-x64\jre\17.0.8.1-win32-x86_64\bin\verify.dll
0x00007ff81c300000 - 0x00007ff81c33e000 	C:\Users\Acer\AppData\Roaming\Code\User\globalStorage\redhat.java\1.22.1\config_win\org.eclipse.equinox.launcher\org.eclipse.equinox.launcher.win32.win32.x86_64_1.2.700.v20221108-1024\eclipse_11801.dll
0x00007ff87d5c0000 - 0x00007ff87d6ea000 	C:\Windows\System32\ole32.dll
0x00007ff87a6e0000 - 0x00007ff87a6f8000 	C:\Windows\SYSTEM32\CRYPTSP.dll
0x00007ff879df0000 - 0x00007ff879e24000 	C:\Windows\system32\rsaenh.dll
0x00007ff87b4e0000 - 0x00007ff87b507000 	C:\Windows\System32\bcrypt.dll
0x00007ff87ad00000 - 0x00007ff87ad2e000 	C:\Windows\SYSTEM32\USERENV.dll
0x00007ff87a6d0000 - 0x00007ff87a6dc000 	C:\Windows\SYSTEM32\CRYPTBASE.dll
0x00007ff87a1d0000 - 0x00007ff87a20b000 	C:\Windows\SYSTEM32\IPHLPAPI.DLL
0x00007ff87b790000 - 0x00007ff87b798000 	C:\Windows\System32\NSI.dll
0x00007ff872a10000 - 0x00007ff872a27000 	C:\Windows\SYSTEM32\dhcpcsvc6.DLL
0x00007ff874620000 - 0x00007ff87463d000 	C:\Windows\SYSTEM32\dhcpcsvc.DLL
0x00007ff87a210000 - 0x00007ff87a2da000 	C:\Windows\SYSTEM32\DNSAPI.dll
0x00007ff81e790000 - 0x00007ff81e7d5000 	C:\Users\Acer\AppData\Local\Temp\jna-2034799\jna10348236290543155369.dll
0x00007ff87be70000 - 0x00007ff87be78000 	C:\Windows\System32\PSAPI.DLL
0x00007ff863dd0000 - 0x00007ff863dde000 	C:\Users\Acer\.vscode\extensions\redhat.java-1.22.1-win32-x64\jre\17.0.8.1-win32-x86_64\bin\sunmscapi.dll
0x00007ff87b330000 - 0x00007ff87b48e000 	C:\Windows\System32\CRYPT32.dll
0x00007ff87a7f0000 - 0x00007ff87a818000 	C:\Windows\SYSTEM32\ncrypt.dll
0x00007ff87a7b0000 - 0x00007ff87a7eb000 	C:\Windows\SYSTEM32\NTASN1.dll
0x00007ff864f40000 - 0x00007ff864f4a000 	C:\Windows\System32\rasadhlp.dll
0x00007ff864fe0000 - 0x00007ff865062000 	C:\Windows\System32\fwpuclnt.dll

dbghelp: loaded successfully - version: 4.0.5 - missing functions: none
symbol engine: initialized successfully - sym options: 0x614 - pdb path: .;c:\Users\Acer\.vscode\extensions\redhat.java-1.22.1-win32-x64\jre\17.0.8.1-win32-x86_64\bin;C:\Windows\SYSTEM32;C:\Windows\WinSxS\amd64_microsoft.windows.common-controls_6595b64144ccf1df_6.0.19041.1110_none_60b5254171f9507e;c:\Users\Acer\.vscode\extensions\redhat.java-1.22.1-win32-x64\jre\17.0.8.1-win32-x86_64\bin\server;C:\Users\Acer\AppData\Roaming\Code\User\globalStorage\redhat.java\1.22.1\config_win\org.eclipse.equinox.launcher\org.eclipse.equinox.launcher.win32.win32.x86_64_1.2.700.v20221108-1024;C:\Users\Acer\AppData\Local\Temp\jna-2034799

VM Arguments:
jvm_args: --add-modules=ALL-SYSTEM --add-opens=java.base/java.util=ALL-UNNAMED --add-opens=java.base/java.lang=ALL-UNNAMED --add-opens=java.base/sun.nio.fs=ALL-UNNAMED -Declipse.application=org.eclipse.jdt.ls.core.id1 -Dosgi.bundles.defaultStartLevel=4 -Declipse.product=org.eclipse.jdt.ls.core.product -Djava.import.generatesMetadataFilesAtProjectRoot=false -Dfile.encoding=utf8 -XX:+UseParallelGC -XX:GCTimeRatio=4 -XX:AdaptiveSizePolicyWeight=90 -Dsun.zip.disableMemoryMapping=true -Xmx1G -Xms100m -Xlog:disable -javaagent:c:\Users\Acer\.vscode\extensions\redhat.java-1.22.1-win32-x64\lombok\lombok-1.18.28.jar -XX:+HeapDumpOnOutOfMemoryError -XX:HeapDumpPath=c:\Users\Acer\AppData\Roaming\Code\User\workspaceStorage\39a64812d21dc932a801c2626cddaff2\redhat.java -Daether.dependencyCollector.impl=bf 
java_command: c:\Users\Acer\.vscode\extensions\redhat.java-1.22.1-win32-x64\server\plugins\org.eclipse.equinox.launcher_1.6.500.v20230717-2134.jar -configuration c:\Users\Acer\AppData\Roaming\Code\User\globalStorage\redhat.java\1.22.1\config_win -data c:\Users\Acer\AppData\Roaming\Code\User\workspaceStorage\39a64812d21dc932a801c2626cddaff2\redhat.java\jdt_ws
java_class_path (initial): c:\Users\Acer\.vscode\extensions\redhat.java-1.22.1-win32-x64\server\plugins\org.eclipse.equinox.launcher_1.6.500.v20230717-2134.jar
Launcher Type: SUN_STANDARD

[Global flags]
    uintx AdaptiveSizePolicyWeight                 = 90                                        {product} {command line}
     intx CICompilerCount                          = 3                                         {product} {ergonomic}
    uintx GCTimeRatio                              = 4                                         {product} {command line}
     bool HeapDumpOnOutOfMemoryError               = true                                   {manageable} {command line}
    ccstr HeapDumpPath                             = c:\Users\Acer\AppData\Roaming\Code\User\workspaceStorage\39a64812d21dc932a801c2626cddaff2\redhat.java         {manageable} {command line}
   size_t InitialHeapSize                          = 104857600                                 {product} {command line}
   size_t MaxHeapSize                              = 1073741824                                {product} {command line}
   size_t MaxNewSize                               = 357564416                                 {product} {ergonomic}
   size_t MinHeapDeltaBytes                        = 524288                                    {product} {ergonomic}
   size_t MinHeapSize                              = 104857600                                 {product} {command line}
   size_t NewSize                                  = 34603008                                  {product} {ergonomic}
    uintx NonNMethodCodeHeapSize                   = 5832780                                {pd product} {ergonomic}
    uintx NonProfiledCodeHeapSize                  = 122912730                              {pd product} {ergonomic}
   size_t OldSize                                  = 70254592                                  {product} {ergonomic}
    uintx ProfiledCodeHeapSize                     = 122912730                              {pd product} {ergonomic}
    uintx ReservedCodeCacheSize                    = 251658240                              {pd product} {ergonomic}
     bool SegmentedCodeCache                       = true                                      {product} {ergonomic}
   size_t SoftMaxHeapSize                          = 1073741824                             {manageable} {ergonomic}
     bool UseCompressedClassPointers               = true                           {product lp64_product} {ergonomic}
     bool UseCompressedOops                        = true                           {product lp64_product} {ergonomic}
     bool UseLargePagesIndividualAllocation        = false                                  {pd product} {ergonomic}
     bool UseParallelGC                            = true                                      {product} {command line}

Logging:
Log output configuration:
 #0: stdout all=off uptime,level,tags
 #1: stderr all=off uptime,level,tags

Environment Variables:
PATH=C:\Program Files\Common Files\Oracle\Java\javapath;C:\Program Files\Microsoft MPI\Bin\;C:\Windows\system32;C:\Windows;C:\Windows\System32\Wbem;C:\Windows\System32\WindowsPowerShell\v1.0\;C:\Windows\System32\OpenSSH\;C:\Program Files\Microsoft SQL Server\150\Tools\Binn\;C:\Program Files\Microsoft SQL Server\Client SDK\ODBC\170\Tools\Binn\;C:\Program Files\dotnet\;C:\Program Files\Azure Data Studio\bin;C:\Program Files (x86)\Microsoft SQL Server\150\Tools\Binn\;C:\Program Files\Microsoft SQL Server\150\DTS\Binn\;E:\Git\cmd;C:\Program Files\Microsoft SQL Server\Client SDK\ODBC\130\Tools\Binn\;C:\Program Files (x86)\Microsoft SQL Server\140\Tools\Binn\;C:\Program Files\Microsoft SQL Server\140\Tools\Binn\;C:\Program Files\Microsoft SQL Server\140\DTS\Binn\;C:\Program Files (x86)\Microsoft SQL Server\150\DTS\Binn\;C:\php-8.1.9;C:\ProgramData\ComposerSetup\bin;E:\node\;C:\Program Files\MongoDB\mongosh-1.10.3-win32-x64\bin;E:\Program Files\PuTTY\;C:\Users\Acer\AppData\Local\Programs\Python\Python311\Scripts\;C:\Users\Acer\AppData\Local\Programs\Python\Python311\;C:\Users\Acer\AppData\Local\Microsoft\WindowsApps;C:\Users\Acer\.dotnet\tools;C:\Program Files\Azure Data Studio\bin;C:\Users\Acer\AppData\Local\Programs\Microsoft VS Code\bin;C:\Users\Acer\AppData\Roaming\Composer\vendor\bin;C:\Users\Acer\AppData\Roaming\npm;E:\Intellig\IntelliJ IDEA Community Edition 2022.3.2\bin;;C:\Users\Acer\AppData\Local\Programs\Python\Python311\python.exe;
USERNAME=Acer
OS=Windows_NT
PROCESSOR_IDENTIFIER=Intel64 Family 6 Model 142 Stepping 9, GenuineIntel
TMP=C:\Users\Acer\AppData\Local\Temp
TEMP=C:\Users\Acer\AppData\Local\Temp



---------------  S Y S T E M  ---------------

OS:
 Windows 10 , 64 bit Build 19041 (10.0.19041.3393)
OS uptime: 1 days 15:25 hours

CPU: total 4 (initial active 4) (2 cores per cpu, 2 threads per core) family 6 model 142 stepping 9 microcode 0xb4, cx8, cmov, fxsr, ht, mmx, 3dnowpref, sse, sse2, sse3, ssse3, sse4.1, sse4.2, popcnt, lzcnt, tsc, tscinvbit, avx, avx2, aes, erms, clmul, bmi1, bmi2, adx, fma, vzeroupper, clflush, clflushopt
Processor Information for all 4 processors :
  Max Mhz: 2400, Current Mhz: 2400, Mhz Limit: 2400

Memory: 4k page, system-wide physical 12156M (5574M free)
TotalPageFile size 15356M (AvailPageFile size 7539M)
current process WorkingSet (physical memory assigned to process): 472M, peak: 496M
current process commit charge ("private bytes"): 476M, peak: 496M

vm_info: OpenJDK 64-Bit Server VM (17.0.8.1+1) for windows-amd64 JRE (17.0.8.1+1), built on Aug 23 2023 15:29:17 by "admin" with MS VC++ 16.7 (VS2019)

END.
